<?xml version="1.0" encoding="UTF-8"?>
<!-- Generated by org.testng.reporters.JUnitReportReporter -->
<testsuite hostname="DESKTOP-F7R8644" failures="0" tests="1" name="com.Vtiger.Crm.LeadsPackageTest.Summa" time="53.134" errors="0" timestamp="2022-01-22T02:07:46 IST" skipped="0">
  <testcase classname="com.Vtiger.Crm.LeadsPackageTest.Summa" name="login" time="53.134"/>
  <system-out/>
</testsuite> <!-- com.Vtiger.Crm.LeadsPackageTest.Summa -->
