<?xml version="1.0" encoding="UTF-8"?>
<!-- Generated by org.testng.reporters.JUnitReportReporter -->
<testsuite hostname="DESKTOP-F7R8644" failures="0" tests="1" name="com.Vtiger.Crm.LeadsPackageTest.Nytimes" time="74.491" errors="0" timestamp="2022-02-09T11:32:10 IST" skipped="0">
  <testcase classname="com.Vtiger.Crm.LeadsPackageTest.Nytimes" name="nytimes" time="74.491"/>
  <system-out/>
</testsuite> <!-- com.Vtiger.Crm.LeadsPackageTest.Nytimes -->
