<?xml version="1.0" encoding="UTF-8"?>
<!-- Generated by org.testng.reporters.JUnitReportReporter -->
<testsuite hostname="DESKTOP-F7R8644" failures="0" tests="1" name="com.Vtiger.Crm.LeadsPackageTest.DummyTest" time="71.551" errors="0" timestamp="2022-02-07T18:13:21 IST" skipped="0">
  <testcase classname="com.Vtiger.Crm.LeadsPackageTest.DummyTest" name="leadsLoginTest" time="71.551"/>
  <system-out/>
</testsuite> <!-- com.Vtiger.Crm.LeadsPackageTest.DummyTest -->
