<?xml version="1.0" encoding="UTF-8"?>
<!-- Generated by org.testng.reporters.JUnitReportReporter -->
<testsuite hostname="DESKTOP-F7R8644" failures="0" tests="1" name="com.Vtiger.Crm.LeadsPackageTest.HomePageTest" time="93.481" errors="0" timestamp="2022-02-07T16:57:59 IST" skipped="0">
  <testcase classname="com.Vtiger.Crm.LeadsPackageTest.HomePageTest" name="homePageTest" time="93.481"/>
  <system-out/>
</testsuite> <!-- com.Vtiger.Crm.LeadsPackageTest.HomePageTest -->
